modules/screen-share/android/build/intermediates/manifest_merge_blame_file/debug/processDebugManifest/manifest-merger-blame-debug-report.txt
1<?xml version="1.0" encoding="utf-8"?>
2<manifest xmlns:android="http://schemas.android.com/apk/res/android"
3    package="expo.modules.screenshare" >
4
5    <uses-sdk android:minSdkVersion="26" />
6
7    <uses-permission android:name="android.permission.ACCESS_NETWORK_STATE" />
7-->src/main/AndroidManifest.xml:4:3-77
7-->src/main/AndroidManifest.xml:4:20-74
8    <uses-permission android:name="android.permission.INTERNET" />
8-->src/main/AndroidManifest.xml:5:3-65
8-->src/main/AndroidManifest.xml:5:20-62
9
10    <application>
10-->src/main/AndroidManifest.xml:7:3-8:19
11    </application>
12
13</manifest>